Determining if the pthread_create exist failed with the following output:
Change Dir: /home/thomas/github/SFND_Unscented_Kalman_Filter/build/CMakeFiles/CMakeTmp

Run Build Command:"/usr/bin/make" "cmTC_7c4fa/fast"
/usr/bin/make -f CMakeFiles/cmTC_7c4fa.dir/build.make CMakeFiles/cmTC_7c4fa.dir/build
make[1]: Entering directory '/home/thomas/github/SFND_Unscented_Kalman_Filter/build/CMakeFiles/CMakeTmp'
Building C object CMakeFiles/cmTC_7c4fa.dir/CheckSymbolExists.c.o
/usr/bin/cc     -o CMakeFiles/cmTC_7c4fa.dir/CheckSymbolExists.c.o   -c /home/thomas/github/SFND_Unscented_Kalman_Filter/build/CMakeFiles/CMakeTmp/CheckSymbolExists.c
Linking C executable cmTC_7c4fa
/usr/bin/cmake -E cmake_link_script CMakeFiles/cmTC_7c4fa.dir/link.txt --verbose=1
/usr/bin/cc       CMakeFiles/cmTC_7c4fa.dir/CheckSymbolExists.c.o  -o cmTC_7c4fa -rdynamic 
CMakeFiles/cmTC_7c4fa.dir/CheckSymbolExists.c.o: In function `main':
CheckSymbolExists.c:(.text+0x16): undefined reference to `pthread_create'
collect2: error: ld returned 1 exit status
CMakeFiles/cmTC_7c4fa.dir/build.make:97: recipe for target 'cmTC_7c4fa' failed
make[1]: *** [cmTC_7c4fa] Error 1
make[1]: Leaving directory '/home/thomas/github/SFND_Unscented_Kalman_Filter/build/CMakeFiles/CMakeTmp'
Makefile:126: recipe for target 'cmTC_7c4fa/fast' failed
make: *** [cmTC_7c4fa/fast] Error 2

File /home/thomas/github/SFND_Unscented_Kalman_Filter/build/CMakeFiles/CMakeTmp/CheckSymbolExists.c:
/* */
#include <pthread.h>

int main(int argc, char** argv)
{
  (void)argv;
#ifndef pthread_create
  return ((int*)(&pthread_create))[argc];
#else
  (void)argc;
  return 0;
#endif
}

Determining if the function pthread_create exists in the pthreads failed with the following output:
Change Dir: /home/thomas/github/SFND_Unscented_Kalman_Filter/build/CMakeFiles/CMakeTmp

Run Build Command:"/usr/bin/make" "cmTC_aeb47/fast"
/usr/bin/make -f CMakeFiles/cmTC_aeb47.dir/build.make CMakeFiles/cmTC_aeb47.dir/build
make[1]: Entering directory '/home/thomas/github/SFND_Unscented_Kalman_Filter/build/CMakeFiles/CMakeTmp'
Building C object CMakeFiles/cmTC_aeb47.dir/CheckFunctionExists.c.o
/usr/bin/cc    -DCHECK_FUNCTION_EXISTS=pthread_create   -o CMakeFiles/cmTC_aeb47.dir/CheckFunctionExists.c.o   -c /usr/share/cmake-3.5/Modules/CheckFunctionExists.c
Linking C executable cmTC_aeb47
/usr/bin/cmake -E cmake_link_script CMakeFiles/cmTC_aeb47.dir/link.txt --verbose=1
/usr/bin/cc   -DCHECK_FUNCTION_EXISTS=pthread_create    CMakeFiles/cmTC_aeb47.dir/CheckFunctionExists.c.o  -o cmTC_aeb47 -rdynamic -lpthreads 
/usr/bin/ld: cannot find -lpthreads
collect2: error: ld returned 1 exit status
CMakeFiles/cmTC_aeb47.dir/build.make:97: recipe for target 'cmTC_aeb47' failed
make[1]: *** [cmTC_aeb47] Error 1
make[1]: Leaving directory '/home/thomas/github/SFND_Unscented_Kalman_Filter/build/CMakeFiles/CMakeTmp'
Makefile:126: recipe for target 'cmTC_aeb47/fast' failed
make: *** [cmTC_aeb47/fast] Error 2


